<?xml version="1.0" encoding="UTF-8"?>
<!-- Generated by org.testng.reporters.JUnitReportReporter -->
<testsuite hostname="HIPUNL105910" name="com.StackExchangeAPI.Test.restTestCases" tests="6" failures="0" timestamp="19 Aug 2020 14:29:28 GMT" time="11.726" errors="0">
  <testcase name="testGetid" time="1.530" classname="com.StackExchangeAPI.Test.restTestCases"/>
  <testcase name="testGetRecipients400Exception" time="1.505" classname="com.StackExchangeAPI.Test.restTestCases"/>
  <testcase name="testGetid400Exception" time="1.448" classname="com.StackExchangeAPI.Test.restTestCases"/>
  <testcase name="testGetTags400Exception" time="1.476" classname="com.StackExchangeAPI.Test.restTestCases"/>
  <testcase name="testGetTags" time="4.088" classname="com.StackExchangeAPI.Test.restTestCases"/>
  <testcase name="testGetRecipients" time="1.679" classname="com.StackExchangeAPI.Test.restTestCases"/>
</testsuite> <!-- com.StackExchangeAPI.Test.restTestCases -->
