<?xml version="1.0" encoding="UTF-8"?>
<!-- Generated by org.testng.reporters.JUnitReportReporter -->
<testsuite skipped="0" hostname="swapnilband-w" name="RestAssured.RestTest" tests="5" failures="0" timestamp="21 Aug 2018 09:08:33 GMT" time="4.756" errors="0">
  <testcase name="testGet" time="1.818" classname="RestAssured.RestTest"/>
  <testcase name="testPost" time="0.795" classname="RestAssured.RestTest"/>
  <testcase name="testDelete" time="0.780" classname="RestAssured.RestTest"/>
  <testcase name="testPut" time="0.597" classname="RestAssured.RestTest"/>
  <testcase name="testPatch" time="0.766" classname="RestAssured.RestTest"/>
</testsuite> <!-- RestAssured.RestTest -->
