<?xml version="1.0" encoding="UTF-8"?>
<!-- Generated by org.testng.reporters.JUnitReportReporter -->
<testsuite hostname="swapnilband-w" name="RestAssured.RestTest" tests="5" failures="0" timestamp="22 Aug 2018 05:30:50 GMT" time="5.056" errors="0">
  <testcase name="testPut" time="0.765" classname="RestAssured.RestTest"/>
  <testcase name="testDelete" time="0.762" classname="RestAssured.RestTest"/>
  <testcase name="testPost" time="0.767" classname="RestAssured.RestTest"/>
  <testcase name="testPatch" time="0.769" classname="RestAssured.RestTest"/>
  <testcase name="testGet" time="1.993" classname="RestAssured.RestTest"/>
</testsuite>
