<?xml version="1.0" encoding="UTF-8"?>
<!-- Generated by org.testng.reporters.JUnitReportReporter -->
<testsuite hostname="HIPUNL105910" name="com.StackExchangeAPI.Test.restTestCases" tests="6" failures="0" timestamp="20 Aug 2020 11:45:49 GMT" time="12.351" errors="0">
  <testcase name="testGetRecipients400Exception" time="1.585" classname="com.StackExchangeAPI.Test.restTestCases"/>
  <testcase name="testGetTags400Exception" time="1.542" classname="com.StackExchangeAPI.Test.restTestCases"/>
  <testcase name="testGetid400Exception" time="1.493" classname="com.StackExchangeAPI.Test.restTestCases"/>
  <testcase name="testGetTags" time="4.629" classname="com.StackExchangeAPI.Test.restTestCases"/>
  <testcase name="testGetRecipients" time="1.560" classname="com.StackExchangeAPI.Test.restTestCases"/>
  <testcase name="testGetid" time="1.542" classname="com.StackExchangeAPI.Test.restTestCases"/>
</testsuite> <!-- com.StackExchangeAPI.Test.restTestCases -->
