<?xml version="1.0" encoding="UTF-8"?>
<!-- Generated by org.testng.reporters.JUnitReportReporter -->
<testsuite hostname="HIPUNL105910" name="RestAssured.RestAssured.restTestCases" tests="6" failures="0" timestamp="19 Aug 2020 12:09:07 GMT" time="12.986" errors="0">
  <testcase name="testGetTags" time="5.223" classname="RestAssured.RestAssured.restTestCases"/>
  <testcase name="testGetRecipients400Exception" time="1.509" classname="RestAssured.RestAssured.restTestCases"/>
  <testcase name="testGetid400Exception" time="1.488" classname="RestAssured.RestAssured.restTestCases"/>
  <testcase name="testGetTags400Exception" time="1.490" classname="RestAssured.RestAssured.restTestCases"/>
  <testcase name="testGetid" time="1.732" classname="RestAssured.RestAssured.restTestCases"/>
  <testcase name="testGetRecipients" time="1.544" classname="RestAssured.RestAssured.restTestCases"/>
</testsuite>
