<?xml version="1.0" encoding="UTF-8"?>
<!-- Generated by org.testng.reporters.JUnitReportReporter -->
<testsuite hostname="HIPUNL105910" name="RestAssured.RestTest" tests="5" failures="0" timestamp="19 Aug 2020 09:45:31 GMT" time="9.412" errors="0">
  <testcase name="testPost" time="1.204" classname="RestAssured.RestTest"/>
  <testcase name="testPatch" time="0.834" classname="RestAssured.RestTest"/>
  <testcase name="testGet" time="5.640" classname="RestAssured.RestTest"/>
  <testcase name="testPut" time="0.819" classname="RestAssured.RestTest"/>
  <testcase name="testDelete" time="0.915" classname="RestAssured.RestTest"/>
</testsuite>
